TN:
SF:easifier.ts
FN:4,buildDriver
FN:16,getElByID
FN:21,getElByXPath
FN:26,getElByPartialLinkText
FN:31,getElByClass
FNF:5
FNH:3
FNDA:1,buildDriver
FNDA:0,getElByID
FNDA:0,getElByXPath
FNDA:2,getElByPartialLinkText
FNDA:5,getElByClass
DA:1,1
DA:2,1
DA:3,1
DA:4,1
DA:5,1
DA:6,1
DA:7,1
DA:8,1
DA:9,0
DA:10,0
DA:11,0
DA:12,1
DA:13,1
DA:14,1
DA:15,1
DA:16,0
DA:17,0
DA:18,0
DA:19,0
DA:20,1
DA:21,0
DA:22,0
DA:23,0
DA:24,0
DA:25,1
DA:26,2
DA:27,2
DA:28,2
DA:29,2
DA:30,1
DA:31,5
DA:32,5
DA:33,5
DA:34,5
LF:34
LH:23
BRDA:4,0,0,1
BRDA:8,1,0,0
BRDA:26,2,0,2
BRDA:27,3,0,2
BRDA:31,4,0,5
BRDA:32,5,0,5
BRF:6
BRH:5
end_of_record
